CRITICAL - 2025-05-19 13:26:43 --> Error: Call to undefined function form_open()
[Method: GET, Route: /]
in APPPATH/Views/pages/login.php on line 5.
 1 SYSTEMPATH/View/View.php(224): include()
 2 SYSTEMPATH/View/View.php(227): CodeIgniter\View\View->CodeIgniter\View\{closure}()
 3 SYSTEMPATH/Common.php(1173): CodeIgniter\View\View->render('pages/login', [], true)
 4 APPPATH/Controllers/Home.php(10): view('pages/login')
 5 SYSTEMPATH/CodeIgniter.php(933): App\Controllers\Home->index()
 6 SYSTEMPATH/CodeIgniter.php(507): CodeIgniter\CodeIgniter->runController(Object(App\Controllers\Home))
 7 SYSTEMPATH/CodeIgniter.php(354): CodeIgniter\CodeIgniter->handleRequest(null, Object(Config\Cache), false)
 8 SYSTEMPATH/Boot.php(334): CodeIgniter\CodeIgniter->run()
 9 SYSTEMPATH/Boot.php(67): CodeIgniter\Boot::runCodeIgniter(Object(CodeIgniter\CodeIgniter))
10 FCPATH/index.php(59): CodeIgniter\Boot::bootWeb(Object(Config\Paths))
CRITICAL - 2025-05-19 13:27:23 --> Error: Call to undefined function form_open()
[Method: GET, Route: /]
in APPPATH/Views/pages/login.php on line 5.
 1 SYSTEMPATH/View/View.php(224): include()
 2 SYSTEMPATH/View/View.php(227): CodeIgniter\View\View->CodeIgniter\View\{closure}()
 3 SYSTEMPATH/Common.php(1173): CodeIgniter\View\View->render('pages/login', [], true)
 4 APPPATH/Controllers/Home.php(10): view('pages/login')
 5 SYSTEMPATH/CodeIgniter.php(933): App\Controllers\Home->index()
 6 SYSTEMPATH/CodeIgniter.php(507): CodeIgniter\CodeIgniter->runController(Object(App\Controllers\Home))
 7 SYSTEMPATH/CodeIgniter.php(354): CodeIgniter\CodeIgniter->handleRequest(null, Object(Config\Cache), false)
 8 SYSTEMPATH/Boot.php(334): CodeIgniter\CodeIgniter->run()
 9 SYSTEMPATH/Boot.php(67): CodeIgniter\Boot::runCodeIgniter(Object(CodeIgniter\CodeIgniter))
10 FCPATH/index.php(59): CodeIgniter\Boot::bootWeb(Object(Config\Paths))
CRITICAL - 2025-05-19 13:27:48 --> Error: Call to undefined function form_open()
[Method: GET, Route: /]
in APPPATH/Views/pages/login.php on line 5.
 1 SYSTEMPATH/View/View.php(224): include()
 2 SYSTEMPATH/View/View.php(227): CodeIgniter\View\View->CodeIgniter\View\{closure}()
 3 SYSTEMPATH/Common.php(1173): CodeIgniter\View\View->render('pages/login', [], true)
 4 APPPATH/Controllers/Home.php(10): view('pages/login')
 5 SYSTEMPATH/CodeIgniter.php(933): App\Controllers\Home->index()
 6 SYSTEMPATH/CodeIgniter.php(507): CodeIgniter\CodeIgniter->runController(Object(App\Controllers\Home))
 7 SYSTEMPATH/CodeIgniter.php(354): CodeIgniter\CodeIgniter->handleRequest(null, Object(Config\Cache), false)
 8 SYSTEMPATH/Boot.php(334): CodeIgniter\CodeIgniter->run()
 9 SYSTEMPATH/Boot.php(67): CodeIgniter\Boot::runCodeIgniter(Object(CodeIgniter\CodeIgniter))
10 FCPATH/index.php(59): CodeIgniter\Boot::bootWeb(Object(Config\Paths))
CRITICAL - 2025-05-19 13:28:09 --> Error: Call to undefined function form_open()
[Method: GET, Route: /]
in APPPATH/Views/pages/login.php on line 5.
 1 SYSTEMPATH/View/View.php(224): include()
 2 SYSTEMPATH/View/View.php(227): CodeIgniter\View\View->CodeIgniter\View\{closure}()
 3 SYSTEMPATH/Common.php(1173): CodeIgniter\View\View->render('pages/login', [], true)
 4 APPPATH/Controllers/Home.php(10): view('pages/login')
 5 SYSTEMPATH/CodeIgniter.php(933): App\Controllers\Home->index()
 6 SYSTEMPATH/CodeIgniter.php(507): CodeIgniter\CodeIgniter->runController(Object(App\Controllers\Home))
 7 SYSTEMPATH/CodeIgniter.php(354): CodeIgniter\CodeIgniter->handleRequest(null, Object(Config\Cache), false)
 8 SYSTEMPATH/Boot.php(334): CodeIgniter\CodeIgniter->run()
 9 SYSTEMPATH/Boot.php(67): CodeIgniter\Boot::runCodeIgniter(Object(CodeIgniter\CodeIgniter))
10 FCPATH/index.php(59): CodeIgniter\Boot::bootWeb(Object(Config\Paths))
CRITICAL - 2025-05-19 13:28:16 --> Error: Call to undefined function form_open()
[Method: GET, Route: home]
in APPPATH/Views/pages/login.php on line 5.
 1 SYSTEMPATH/View/View.php(224): include()
 2 SYSTEMPATH/View/View.php(227): CodeIgniter\View\View->CodeIgniter\View\{closure}()
 3 SYSTEMPATH/Common.php(1173): CodeIgniter\View\View->render('pages/login', [], true)
 4 APPPATH/Controllers/Home.php(10): view('pages/login')
 5 SYSTEMPATH/CodeIgniter.php(933): App\Controllers\Home->index()
 6 SYSTEMPATH/CodeIgniter.php(507): CodeIgniter\CodeIgniter->runController(Object(App\Controllers\Home))
 7 SYSTEMPATH/CodeIgniter.php(354): CodeIgniter\CodeIgniter->handleRequest(null, Object(Config\Cache), false)
 8 SYSTEMPATH/Boot.php(334): CodeIgniter\CodeIgniter->run()
 9 SYSTEMPATH/Boot.php(67): CodeIgniter\Boot::runCodeIgniter(Object(CodeIgniter\CodeIgniter))
10 FCPATH/index.php(59): CodeIgniter\Boot::bootWeb(Object(Config\Paths))
CRITICAL - 2025-05-19 13:36:33 --> CodeIgniter\View\Exceptions\ViewException: Invalid file: "pages/index.php"
[Method: GET, Route: /]
in SYSTEMPATH/Exceptions/FrameworkException.php on line 39.
 1 SYSTEMPATH/View/View.php(212): CodeIgniter\Exceptions\FrameworkException::forInvalidFile('pages/index.php')
 2 SYSTEMPATH/Common.php(1173): CodeIgniter\View\View->render('pages/index', [], true)
 3 APPPATH/Controllers/Home.php(10): view('pages/index')
 4 SYSTEMPATH/CodeIgniter.php(933): App\Controllers\Home->index()
 5 SYSTEMPATH/CodeIgniter.php(507): CodeIgniter\CodeIgniter->runController(Object(App\Controllers\Home))
 6 SYSTEMPATH/CodeIgniter.php(354): CodeIgniter\CodeIgniter->handleRequest(null, Object(Config\Cache), false)
 7 SYSTEMPATH/Boot.php(334): CodeIgniter\CodeIgniter->run()
 8 SYSTEMPATH/Boot.php(67): CodeIgniter\Boot::runCodeIgniter(Object(CodeIgniter\CodeIgniter))
 9 FCPATH/index.php(59): CodeIgniter\Boot::bootWeb(Object(Config\Paths))
CRITICAL - 2025-05-19 13:36:51 --> CodeIgniter\View\Exceptions\ViewException: Invalid file: "pages/index.php"
[Method: GET, Route: /]
in SYSTEMPATH/Exceptions/FrameworkException.php on line 39.
 1 SYSTEMPATH/View/View.php(212): CodeIgniter\Exceptions\FrameworkException::forInvalidFile('pages/index.php')
 2 SYSTEMPATH/Common.php(1173): CodeIgniter\View\View->render('pages/index', [], true)
 3 APPPATH/Controllers/Home.php(10): view('pages/index')
 4 SYSTEMPATH/CodeIgniter.php(933): App\Controllers\Home->index()
 5 SYSTEMPATH/CodeIgniter.php(507): CodeIgniter\CodeIgniter->runController(Object(App\Controllers\Home))
 6 SYSTEMPATH/CodeIgniter.php(354): CodeIgniter\CodeIgniter->handleRequest(null, Object(Config\Cache), false)
 7 SYSTEMPATH/Boot.php(334): CodeIgniter\CodeIgniter->run()
 8 SYSTEMPATH/Boot.php(67): CodeIgniter\Boot::runCodeIgniter(Object(CodeIgniter\CodeIgniter))
 9 FCPATH/index.php(59): CodeIgniter\Boot::bootWeb(Object(Config\Paths))
CRITICAL - 2025-05-19 13:37:36 --> CodeIgniter\View\Exceptions\ViewException: Invalid file: "pages/index.php"
[Method: GET, Route: /]
in SYSTEMPATH/Exceptions/FrameworkException.php on line 39.
 1 SYSTEMPATH/View/View.php(212): CodeIgniter\Exceptions\FrameworkException::forInvalidFile('pages/index.php')
 2 SYSTEMPATH/Common.php(1173): CodeIgniter\View\View->render('pages/index', [], true)
 3 APPPATH/Controllers/Home.php(10): view('pages/index')
 4 SYSTEMPATH/CodeIgniter.php(933): App\Controllers\Home->index()
 5 SYSTEMPATH/CodeIgniter.php(507): CodeIgniter\CodeIgniter->runController(Object(App\Controllers\Home))
 6 SYSTEMPATH/CodeIgniter.php(354): CodeIgniter\CodeIgniter->handleRequest(null, Object(Config\Cache), false)
 7 SYSTEMPATH/Boot.php(334): CodeIgniter\CodeIgniter->run()
 8 SYSTEMPATH/Boot.php(67): CodeIgniter\Boot::runCodeIgniter(Object(CodeIgniter\CodeIgniter))
 9 FCPATH/index.php(59): CodeIgniter\Boot::bootWeb(Object(Config\Paths))
CRITICAL - 2025-05-19 13:37:38 --> CodeIgniter\View\Exceptions\ViewException: Invalid file: "pages/index.php"
[Method: GET, Route: home]
in SYSTEMPATH/Exceptions/FrameworkException.php on line 39.
 1 SYSTEMPATH/View/View.php(212): CodeIgniter\Exceptions\FrameworkException::forInvalidFile('pages/index.php')
 2 SYSTEMPATH/Common.php(1173): CodeIgniter\View\View->render('pages/index', [], true)
 3 APPPATH/Controllers/Home.php(10): view('pages/index')
 4 SYSTEMPATH/CodeIgniter.php(933): App\Controllers\Home->index()
 5 SYSTEMPATH/CodeIgniter.php(507): CodeIgniter\CodeIgniter->runController(Object(App\Controllers\Home))
 6 SYSTEMPATH/CodeIgniter.php(354): CodeIgniter\CodeIgniter->handleRequest(null, Object(Config\Cache), false)
 7 SYSTEMPATH/Boot.php(334): CodeIgniter\CodeIgniter->run()
 8 SYSTEMPATH/Boot.php(67): CodeIgniter\Boot::runCodeIgniter(Object(CodeIgniter\CodeIgniter))
 9 FCPATH/index.php(59): CodeIgniter\Boot::bootWeb(Object(Config\Paths))
ERROR - 2025-05-19 14:10:55 --> mysqli_sql_exception: Duplicate entry 'khaizinam@gmail.com' for key 'users.email' in /Users/macintosh/Sites/igniter/system/Database/MySQLi/Connection.php:327
Stack trace:
#0 /Users/macintosh/Sites/igniter/system/Database/MySQLi/Connection.php(327): mysqli->query('INSERT INTO `us...', 0)
#1 /Users/macintosh/Sites/igniter/system/Database/BaseConnection.php(738): CodeIgniter\Database\MySQLi\Connection->execute('INSERT INTO `us...')
#2 /Users/macintosh/Sites/igniter/system/Database/BaseConnection.php(652): CodeIgniter\Database\BaseConnection->simpleQuery('INSERT INTO `us...')
#3 /Users/macintosh/Sites/igniter/system/Database/BaseBuilder.php(2345): CodeIgniter\Database\BaseConnection->query('INSERT INTO `us...', Array, false)
#4 /Users/macintosh/Sites/igniter/system/Model.php(394): CodeIgniter\Database\BaseBuilder->insert()
#5 /Users/macintosh/Sites/igniter/system/BaseModel.php(843): CodeIgniter\Model->doInsert(Array)
#6 /Users/macintosh/Sites/igniter/system/Model.php(800): CodeIgniter\BaseModel->insert(Array, false)
#7 /Users/macintosh/Sites/igniter/system/BaseModel.php(754): CodeIgniter\Model->insert(Array, false)
#8 /Users/macintosh/Sites/igniter/app/Controllers/Auth.php(57): CodeIgniter\BaseModel->save(Array)
#9 /Users/macintosh/Sites/igniter/system/CodeIgniter.php(933): App\Controllers\Auth->register()
#10 /Users/macintosh/Sites/igniter/system/CodeIgniter.php(507): CodeIgniter\CodeIgniter->runController(Object(App\Controllers\Auth))
#11 /Users/macintosh/Sites/igniter/system/CodeIgniter.php(354): CodeIgniter\CodeIgniter->handleRequest(NULL, Object(Config\Cache), false)
#12 /Users/macintosh/Sites/igniter/system/Boot.php(334): CodeIgniter\CodeIgniter->run()
#13 /Users/macintosh/Sites/igniter/system/Boot.php(67): CodeIgniter\Boot::runCodeIgniter(Object(CodeIgniter\CodeIgniter))
#14 /Users/macintosh/Sites/igniter/index.php(59): CodeIgniter\Boot::bootWeb(Object(Config\Paths))
#15 {main}
CRITICAL - 2025-05-19 14:10:55 --> CodeIgniter\Database\Exceptions\DatabaseException: Duplicate entry 'khaizinam@gmail.com' for key 'users.email'
[Method: POST, Route: auth/register]
in SYSTEMPATH/Database/BaseConnection.php on line 692.
 1 SYSTEMPATH/Database/BaseBuilder.php(2345): CodeIgniter\Database\BaseConnection->query('INSERT INTO `users` (`name`, `email`, `password`, `created_at`, `updated_at`) VALUES (:name:, :email:, :password:, :created_at:, :updated_at:)', [...], false)
 2 SYSTEMPATH/Model.php(394): CodeIgniter\Database\BaseBuilder->insert()
 3 SYSTEMPATH/BaseModel.php(843): CodeIgniter\Model->doInsert([...])
 4 SYSTEMPATH/Model.php(800): CodeIgniter\BaseModel->insert([...], false)
 5 SYSTEMPATH/BaseModel.php(754): CodeIgniter\Model->insert([...], false)
 6 APPPATH/Controllers/Auth.php(57): CodeIgniter\BaseModel->save([...])
 7 SYSTEMPATH/CodeIgniter.php(933): App\Controllers\Auth->register()
 8 SYSTEMPATH/CodeIgniter.php(507): CodeIgniter\CodeIgniter->runController(Object(App\Controllers\Auth))
 9 SYSTEMPATH/CodeIgniter.php(354): CodeIgniter\CodeIgniter->handleRequest(null, Object(Config\Cache), false)
10 SYSTEMPATH/Boot.php(334): CodeIgniter\CodeIgniter->run()
11 SYSTEMPATH/Boot.php(67): CodeIgniter\Boot::runCodeIgniter(Object(CodeIgniter\CodeIgniter))
12 FCPATH/index.php(59): CodeIgniter\Boot::bootWeb(Object(Config\Paths))
CRITICAL - 2025-05-19 14:10:55 --> [Caused by] CodeIgniter\Database\Exceptions\DatabaseException: Duplicate entry 'khaizinam@gmail.com' for key 'users.email'
in SYSTEMPATH/Database/MySQLi/Connection.php on line 332.
 1 SYSTEMPATH/Database/BaseConnection.php(738): CodeIgniter\Database\MySQLi\Connection->execute('INSERT INTO `users` (`name`, `email`, `password`, `created_at`, `updated_at`) VALUES (\'12\', \'khaizinam@gmail.com\', \'$2y$10$Kfte8xsib5JxM6WB0K3OnO7wbkpBZuU.fng9tFZ8pA5EOU9Yr3qXq\', \'2025-05-19 14:10:55\', \'2025-05-19 14:10:55\')')
 2 SYSTEMPATH/Database/BaseConnection.php(652): CodeIgniter\Database\BaseConnection->simpleQuery('INSERT INTO `users` (`name`, `email`, `password`, `created_at`, `updated_at`) VALUES (\'12\', \'khaizinam@gmail.com\', \'$2y$10$Kfte8xsib5JxM6WB0K3OnO7wbkpBZuU.fng9tFZ8pA5EOU9Yr3qXq\', \'2025-05-19 14:10:55\', \'2025-05-19 14:10:55\')')
 3 SYSTEMPATH/Database/BaseBuilder.php(2345): CodeIgniter\Database\BaseConnection->query('INSERT INTO `users` (`name`, `email`, `password`, `created_at`, `updated_at`) VALUES (:name:, :email:, :password:, :created_at:, :updated_at:)', [...], false)
 4 SYSTEMPATH/Model.php(394): CodeIgniter\Database\BaseBuilder->insert()
 5 SYSTEMPATH/BaseModel.php(843): CodeIgniter\Model->doInsert([...])
 6 SYSTEMPATH/Model.php(800): CodeIgniter\BaseModel->insert([...], false)
 7 SYSTEMPATH/BaseModel.php(754): CodeIgniter\Model->insert([...], false)
 8 APPPATH/Controllers/Auth.php(57): CodeIgniter\BaseModel->save([...])
 9 SYSTEMPATH/CodeIgniter.php(933): App\Controllers\Auth->register()
10 SYSTEMPATH/CodeIgniter.php(507): CodeIgniter\CodeIgniter->runController(Object(App\Controllers\Auth))
11 SYSTEMPATH/CodeIgniter.php(354): CodeIgniter\CodeIgniter->handleRequest(null, Object(Config\Cache), false)
12 SYSTEMPATH/Boot.php(334): CodeIgniter\CodeIgniter->run()
13 SYSTEMPATH/Boot.php(67): CodeIgniter\Boot::runCodeIgniter(Object(CodeIgniter\CodeIgniter))
14 FCPATH/index.php(59): CodeIgniter\Boot::bootWeb(Object(Config\Paths))
CRITICAL - 2025-05-19 14:10:55 --> [Caused by] mysqli_sql_exception: Duplicate entry 'khaizinam@gmail.com' for key 'users.email'
in SYSTEMPATH/Database/MySQLi/Connection.php on line 327.
 1 SYSTEMPATH/Database/MySQLi/Connection.php(327): mysqli->query('INSERT INTO `users` (`name`, `email`, `password`, `created_at`, `updated_at`) VALUES (\'12\', \'khaizinam@gmail.com\', \'$2y$10$Kfte8xsib5JxM6WB0K3OnO7wbkpBZuU.fng9tFZ8pA5EOU9Yr3qXq\', \'2025-05-19 14:10:55\', \'2025-05-19 14:10:55\')', 0)
 2 SYSTEMPATH/Database/BaseConnection.php(738): CodeIgniter\Database\MySQLi\Connection->execute('INSERT INTO `users` (`name`, `email`, `password`, `created_at`, `updated_at`) VALUES (\'12\', \'khaizinam@gmail.com\', \'$2y$10$Kfte8xsib5JxM6WB0K3OnO7wbkpBZuU.fng9tFZ8pA5EOU9Yr3qXq\', \'2025-05-19 14:10:55\', \'2025-05-19 14:10:55\')')
 3 SYSTEMPATH/Database/BaseConnection.php(652): CodeIgniter\Database\BaseConnection->simpleQuery('INSERT INTO `users` (`name`, `email`, `password`, `created_at`, `updated_at`) VALUES (\'12\', \'khaizinam@gmail.com\', \'$2y$10$Kfte8xsib5JxM6WB0K3OnO7wbkpBZuU.fng9tFZ8pA5EOU9Yr3qXq\', \'2025-05-19 14:10:55\', \'2025-05-19 14:10:55\')')
 4 SYSTEMPATH/Database/BaseBuilder.php(2345): CodeIgniter\Database\BaseConnection->query('INSERT INTO `users` (`name`, `email`, `password`, `created_at`, `updated_at`) VALUES (:name:, :email:, :password:, :created_at:, :updated_at:)', [...], false)
 5 SYSTEMPATH/Model.php(394): CodeIgniter\Database\BaseBuilder->insert()
 6 SYSTEMPATH/BaseModel.php(843): CodeIgniter\Model->doInsert([...])
 7 SYSTEMPATH/Model.php(800): CodeIgniter\BaseModel->insert([...], false)
 8 SYSTEMPATH/BaseModel.php(754): CodeIgniter\Model->insert([...], false)
 9 APPPATH/Controllers/Auth.php(57): CodeIgniter\BaseModel->save([...])
10 SYSTEMPATH/CodeIgniter.php(933): App\Controllers\Auth->register()
11 SYSTEMPATH/CodeIgniter.php(507): CodeIgniter\CodeIgniter->runController(Object(App\Controllers\Auth))
12 SYSTEMPATH/CodeIgniter.php(354): CodeIgniter\CodeIgniter->handleRequest(null, Object(Config\Cache), false)
13 SYSTEMPATH/Boot.php(334): CodeIgniter\CodeIgniter->run()
14 SYSTEMPATH/Boot.php(67): CodeIgniter\Boot::runCodeIgniter(Object(CodeIgniter\CodeIgniter))
15 FCPATH/index.php(59): CodeIgniter\Boot::bootWeb(Object(Config\Paths))
ERROR - 2025-05-19 14:11:19 --> mysqli_sql_exception: Duplicate entry 'khaizinam@gmail.com' for key 'users.email' in /Users/macintosh/Sites/igniter/system/Database/MySQLi/Connection.php:327
Stack trace:
#0 /Users/macintosh/Sites/igniter/system/Database/MySQLi/Connection.php(327): mysqli->query('INSERT INTO `us...', 0)
#1 /Users/macintosh/Sites/igniter/system/Database/BaseConnection.php(738): CodeIgniter\Database\MySQLi\Connection->execute('INSERT INTO `us...')
#2 /Users/macintosh/Sites/igniter/system/Database/BaseConnection.php(652): CodeIgniter\Database\BaseConnection->simpleQuery('INSERT INTO `us...')
#3 /Users/macintosh/Sites/igniter/system/Database/BaseBuilder.php(2345): CodeIgniter\Database\BaseConnection->query('INSERT INTO `us...', Array, false)
#4 /Users/macintosh/Sites/igniter/system/Model.php(394): CodeIgniter\Database\BaseBuilder->insert()
#5 /Users/macintosh/Sites/igniter/system/BaseModel.php(843): CodeIgniter\Model->doInsert(Array)
#6 /Users/macintosh/Sites/igniter/system/Model.php(800): CodeIgniter\BaseModel->insert(Array, false)
#7 /Users/macintosh/Sites/igniter/system/BaseModel.php(754): CodeIgniter\Model->insert(Array, false)
#8 /Users/macintosh/Sites/igniter/app/Controllers/Auth.php(58): CodeIgniter\BaseModel->save(Array)
#9 /Users/macintosh/Sites/igniter/system/CodeIgniter.php(933): App\Controllers\Auth->register()
#10 /Users/macintosh/Sites/igniter/system/CodeIgniter.php(507): CodeIgniter\CodeIgniter->runController(Object(App\Controllers\Auth))
#11 /Users/macintosh/Sites/igniter/system/CodeIgniter.php(354): CodeIgniter\CodeIgniter->handleRequest(NULL, Object(Config\Cache), false)
#12 /Users/macintosh/Sites/igniter/system/Boot.php(334): CodeIgniter\CodeIgniter->run()
#13 /Users/macintosh/Sites/igniter/system/Boot.php(67): CodeIgniter\Boot::runCodeIgniter(Object(CodeIgniter\CodeIgniter))
#14 /Users/macintosh/Sites/igniter/index.php(59): CodeIgniter\Boot::bootWeb(Object(Config\Paths))
#15 {main}
CRITICAL - 2025-05-19 14:11:19 --> CodeIgniter\Database\Exceptions\DatabaseException: Duplicate entry 'khaizinam@gmail.com' for key 'users.email'
[Method: POST, Route: auth/register]
in SYSTEMPATH/Database/BaseConnection.php on line 692.
 1 SYSTEMPATH/Database/BaseBuilder.php(2345): CodeIgniter\Database\BaseConnection->query('INSERT INTO `users` (`name`, `email`, `password`, `created_at`, `updated_at`) VALUES (:name:, :email:, :password:, :created_at:, :updated_at:)', [...], false)
 2 SYSTEMPATH/Model.php(394): CodeIgniter\Database\BaseBuilder->insert()
 3 SYSTEMPATH/BaseModel.php(843): CodeIgniter\Model->doInsert([...])
 4 SYSTEMPATH/Model.php(800): CodeIgniter\BaseModel->insert([...], false)
 5 SYSTEMPATH/BaseModel.php(754): CodeIgniter\Model->insert([...], false)
 6 APPPATH/Controllers/Auth.php(58): CodeIgniter\BaseModel->save([...])
 7 SYSTEMPATH/CodeIgniter.php(933): App\Controllers\Auth->register()
 8 SYSTEMPATH/CodeIgniter.php(507): CodeIgniter\CodeIgniter->runController(Object(App\Controllers\Auth))
 9 SYSTEMPATH/CodeIgniter.php(354): CodeIgniter\CodeIgniter->handleRequest(null, Object(Config\Cache), false)
10 SYSTEMPATH/Boot.php(334): CodeIgniter\CodeIgniter->run()
11 SYSTEMPATH/Boot.php(67): CodeIgniter\Boot::runCodeIgniter(Object(CodeIgniter\CodeIgniter))
12 FCPATH/index.php(59): CodeIgniter\Boot::bootWeb(Object(Config\Paths))
CRITICAL - 2025-05-19 14:11:19 --> [Caused by] CodeIgniter\Database\Exceptions\DatabaseException: Duplicate entry 'khaizinam@gmail.com' for key 'users.email'
in SYSTEMPATH/Database/MySQLi/Connection.php on line 332.
 1 SYSTEMPATH/Database/BaseConnection.php(738): CodeIgniter\Database\MySQLi\Connection->execute('INSERT INTO `users` (`name`, `email`, `password`, `created_at`, `updated_at`) VALUES (\'12\', \'khaizinam@gmail.com\', \'$2y$10$O0Q0NHu31WlZbK6bDDHm2..GqOLtvUZJTiFfdQGk86XR98nNt69lm\', \'2025-05-19 14:11:19\', \'2025-05-19 14:11:19\')')
 2 SYSTEMPATH/Database/BaseConnection.php(652): CodeIgniter\Database\BaseConnection->simpleQuery('INSERT INTO `users` (`name`, `email`, `password`, `created_at`, `updated_at`) VALUES (\'12\', \'khaizinam@gmail.com\', \'$2y$10$O0Q0NHu31WlZbK6bDDHm2..GqOLtvUZJTiFfdQGk86XR98nNt69lm\', \'2025-05-19 14:11:19\', \'2025-05-19 14:11:19\')')
 3 SYSTEMPATH/Database/BaseBuilder.php(2345): CodeIgniter\Database\BaseConnection->query('INSERT INTO `users` (`name`, `email`, `password`, `created_at`, `updated_at`) VALUES (:name:, :email:, :password:, :created_at:, :updated_at:)', [...], false)
 4 SYSTEMPATH/Model.php(394): CodeIgniter\Database\BaseBuilder->insert()
 5 SYSTEMPATH/BaseModel.php(843): CodeIgniter\Model->doInsert([...])
 6 SYSTEMPATH/Model.php(800): CodeIgniter\BaseModel->insert([...], false)
 7 SYSTEMPATH/BaseModel.php(754): CodeIgniter\Model->insert([...], false)
 8 APPPATH/Controllers/Auth.php(58): CodeIgniter\BaseModel->save([...])
 9 SYSTEMPATH/CodeIgniter.php(933): App\Controllers\Auth->register()
10 SYSTEMPATH/CodeIgniter.php(507): CodeIgniter\CodeIgniter->runController(Object(App\Controllers\Auth))
11 SYSTEMPATH/CodeIgniter.php(354): CodeIgniter\CodeIgniter->handleRequest(null, Object(Config\Cache), false)
12 SYSTEMPATH/Boot.php(334): CodeIgniter\CodeIgniter->run()
13 SYSTEMPATH/Boot.php(67): CodeIgniter\Boot::runCodeIgniter(Object(CodeIgniter\CodeIgniter))
14 FCPATH/index.php(59): CodeIgniter\Boot::bootWeb(Object(Config\Paths))
CRITICAL - 2025-05-19 14:11:19 --> [Caused by] mysqli_sql_exception: Duplicate entry 'khaizinam@gmail.com' for key 'users.email'
in SYSTEMPATH/Database/MySQLi/Connection.php on line 327.
 1 SYSTEMPATH/Database/MySQLi/Connection.php(327): mysqli->query('INSERT INTO `users` (`name`, `email`, `password`, `created_at`, `updated_at`) VALUES (\'12\', \'khaizinam@gmail.com\', \'$2y$10$O0Q0NHu31WlZbK6bDDHm2..GqOLtvUZJTiFfdQGk86XR98nNt69lm\', \'2025-05-19 14:11:19\', \'2025-05-19 14:11:19\')', 0)
 2 SYSTEMPATH/Database/BaseConnection.php(738): CodeIgniter\Database\MySQLi\Connection->execute('INSERT INTO `users` (`name`, `email`, `password`, `created_at`, `updated_at`) VALUES (\'12\', \'khaizinam@gmail.com\', \'$2y$10$O0Q0NHu31WlZbK6bDDHm2..GqOLtvUZJTiFfdQGk86XR98nNt69lm\', \'2025-05-19 14:11:19\', \'2025-05-19 14:11:19\')')
 3 SYSTEMPATH/Database/BaseConnection.php(652): CodeIgniter\Database\BaseConnection->simpleQuery('INSERT INTO `users` (`name`, `email`, `password`, `created_at`, `updated_at`) VALUES (\'12\', \'khaizinam@gmail.com\', \'$2y$10$O0Q0NHu31WlZbK6bDDHm2..GqOLtvUZJTiFfdQGk86XR98nNt69lm\', \'2025-05-19 14:11:19\', \'2025-05-19 14:11:19\')')
 4 SYSTEMPATH/Database/BaseBuilder.php(2345): CodeIgniter\Database\BaseConnection->query('INSERT INTO `users` (`name`, `email`, `password`, `created_at`, `updated_at`) VALUES (:name:, :email:, :password:, :created_at:, :updated_at:)', [...], false)
 5 SYSTEMPATH/Model.php(394): CodeIgniter\Database\BaseBuilder->insert()
 6 SYSTEMPATH/BaseModel.php(843): CodeIgniter\Model->doInsert([...])
 7 SYSTEMPATH/Model.php(800): CodeIgniter\BaseModel->insert([...], false)
 8 SYSTEMPATH/BaseModel.php(754): CodeIgniter\Model->insert([...], false)
 9 APPPATH/Controllers/Auth.php(58): CodeIgniter\BaseModel->save([...])
10 SYSTEMPATH/CodeIgniter.php(933): App\Controllers\Auth->register()
11 SYSTEMPATH/CodeIgniter.php(507): CodeIgniter\CodeIgniter->runController(Object(App\Controllers\Auth))
12 SYSTEMPATH/CodeIgniter.php(354): CodeIgniter\CodeIgniter->handleRequest(null, Object(Config\Cache), false)
13 SYSTEMPATH/Boot.php(334): CodeIgniter\CodeIgniter->run()
14 SYSTEMPATH/Boot.php(67): CodeIgniter\Boot::runCodeIgniter(Object(CodeIgniter\CodeIgniter))
15 FCPATH/index.php(59): CodeIgniter\Boot::bootWeb(Object(Config\Paths))
ERROR - 2025-05-19 14:11:21 --> mysqli_sql_exception: Duplicate entry 'khaizinam@gmail.com' for key 'users.email' in /Users/macintosh/Sites/igniter/system/Database/MySQLi/Connection.php:327
Stack trace:
#0 /Users/macintosh/Sites/igniter/system/Database/MySQLi/Connection.php(327): mysqli->query('INSERT INTO `us...', 0)
#1 /Users/macintosh/Sites/igniter/system/Database/BaseConnection.php(738): CodeIgniter\Database\MySQLi\Connection->execute('INSERT INTO `us...')
#2 /Users/macintosh/Sites/igniter/system/Database/BaseConnection.php(652): CodeIgniter\Database\BaseConnection->simpleQuery('INSERT INTO `us...')
#3 /Users/macintosh/Sites/igniter/system/Database/BaseBuilder.php(2345): CodeIgniter\Database\BaseConnection->query('INSERT INTO `us...', Array, false)
#4 /Users/macintosh/Sites/igniter/system/Model.php(394): CodeIgniter\Database\BaseBuilder->insert()
#5 /Users/macintosh/Sites/igniter/system/BaseModel.php(843): CodeIgniter\Model->doInsert(Array)
#6 /Users/macintosh/Sites/igniter/system/Model.php(800): CodeIgniter\BaseModel->insert(Array, false)
#7 /Users/macintosh/Sites/igniter/system/BaseModel.php(754): CodeIgniter\Model->insert(Array, false)
#8 /Users/macintosh/Sites/igniter/app/Controllers/Auth.php(58): CodeIgniter\BaseModel->save(Array)
#9 /Users/macintosh/Sites/igniter/system/CodeIgniter.php(933): App\Controllers\Auth->register()
#10 /Users/macintosh/Sites/igniter/system/CodeIgniter.php(507): CodeIgniter\CodeIgniter->runController(Object(App\Controllers\Auth))
#11 /Users/macintosh/Sites/igniter/system/CodeIgniter.php(354): CodeIgniter\CodeIgniter->handleRequest(NULL, Object(Config\Cache), false)
#12 /Users/macintosh/Sites/igniter/system/Boot.php(334): CodeIgniter\CodeIgniter->run()
#13 /Users/macintosh/Sites/igniter/system/Boot.php(67): CodeIgniter\Boot::runCodeIgniter(Object(CodeIgniter\CodeIgniter))
#14 /Users/macintosh/Sites/igniter/index.php(59): CodeIgniter\Boot::bootWeb(Object(Config\Paths))
#15 {main}
CRITICAL - 2025-05-19 14:11:21 --> CodeIgniter\Database\Exceptions\DatabaseException: Duplicate entry 'khaizinam@gmail.com' for key 'users.email'
[Method: POST, Route: auth/register]
in SYSTEMPATH/Database/BaseConnection.php on line 692.
 1 SYSTEMPATH/Database/BaseBuilder.php(2345): CodeIgniter\Database\BaseConnection->query('INSERT INTO `users` (`name`, `email`, `password`, `created_at`, `updated_at`) VALUES (:name:, :email:, :password:, :created_at:, :updated_at:)', [...], false)
 2 SYSTEMPATH/Model.php(394): CodeIgniter\Database\BaseBuilder->insert()
 3 SYSTEMPATH/BaseModel.php(843): CodeIgniter\Model->doInsert([...])
 4 SYSTEMPATH/Model.php(800): CodeIgniter\BaseModel->insert([...], false)
 5 SYSTEMPATH/BaseModel.php(754): CodeIgniter\Model->insert([...], false)
 6 APPPATH/Controllers/Auth.php(58): CodeIgniter\BaseModel->save([...])
 7 SYSTEMPATH/CodeIgniter.php(933): App\Controllers\Auth->register()
 8 SYSTEMPATH/CodeIgniter.php(507): CodeIgniter\CodeIgniter->runController(Object(App\Controllers\Auth))
 9 SYSTEMPATH/CodeIgniter.php(354): CodeIgniter\CodeIgniter->handleRequest(null, Object(Config\Cache), false)
10 SYSTEMPATH/Boot.php(334): CodeIgniter\CodeIgniter->run()
11 SYSTEMPATH/Boot.php(67): CodeIgniter\Boot::runCodeIgniter(Object(CodeIgniter\CodeIgniter))
12 FCPATH/index.php(59): CodeIgniter\Boot::bootWeb(Object(Config\Paths))
CRITICAL - 2025-05-19 14:11:21 --> [Caused by] CodeIgniter\Database\Exceptions\DatabaseException: Duplicate entry 'khaizinam@gmail.com' for key 'users.email'
in SYSTEMPATH/Database/MySQLi/Connection.php on line 332.
 1 SYSTEMPATH/Database/BaseConnection.php(738): CodeIgniter\Database\MySQLi\Connection->execute('INSERT INTO `users` (`name`, `email`, `password`, `created_at`, `updated_at`) VALUES (\'12\', \'khaizinam@gmail.com\', \'$2y$10$hvR74QYdPtzDlhKVdAyBU.vY/kxpEhuUmzBpQCK7fMlRz9WuG2/Oi\', \'2025-05-19 14:11:21\', \'2025-05-19 14:11:21\')')
 2 SYSTEMPATH/Database/BaseConnection.php(652): CodeIgniter\Database\BaseConnection->simpleQuery('INSERT INTO `users` (`name`, `email`, `password`, `created_at`, `updated_at`) VALUES (\'12\', \'khaizinam@gmail.com\', \'$2y$10$hvR74QYdPtzDlhKVdAyBU.vY/kxpEhuUmzBpQCK7fMlRz9WuG2/Oi\', \'2025-05-19 14:11:21\', \'2025-05-19 14:11:21\')')
 3 SYSTEMPATH/Database/BaseBuilder.php(2345): CodeIgniter\Database\BaseConnection->query('INSERT INTO `users` (`name`, `email`, `password`, `created_at`, `updated_at`) VALUES (:name:, :email:, :password:, :created_at:, :updated_at:)', [...], false)
 4 SYSTEMPATH/Model.php(394): CodeIgniter\Database\BaseBuilder->insert()
 5 SYSTEMPATH/BaseModel.php(843): CodeIgniter\Model->doInsert([...])
 6 SYSTEMPATH/Model.php(800): CodeIgniter\BaseModel->insert([...], false)
 7 SYSTEMPATH/BaseModel.php(754): CodeIgniter\Model->insert([...], false)
 8 APPPATH/Controllers/Auth.php(58): CodeIgniter\BaseModel->save([...])
 9 SYSTEMPATH/CodeIgniter.php(933): App\Controllers\Auth->register()
10 SYSTEMPATH/CodeIgniter.php(507): CodeIgniter\CodeIgniter->runController(Object(App\Controllers\Auth))
11 SYSTEMPATH/CodeIgniter.php(354): CodeIgniter\CodeIgniter->handleRequest(null, Object(Config\Cache), false)
12 SYSTEMPATH/Boot.php(334): CodeIgniter\CodeIgniter->run()
13 SYSTEMPATH/Boot.php(67): CodeIgniter\Boot::runCodeIgniter(Object(CodeIgniter\CodeIgniter))
14 FCPATH/index.php(59): CodeIgniter\Boot::bootWeb(Object(Config\Paths))
CRITICAL - 2025-05-19 14:11:21 --> [Caused by] mysqli_sql_exception: Duplicate entry 'khaizinam@gmail.com' for key 'users.email'
in SYSTEMPATH/Database/MySQLi/Connection.php on line 327.
 1 SYSTEMPATH/Database/MySQLi/Connection.php(327): mysqli->query('INSERT INTO `users` (`name`, `email`, `password`, `created_at`, `updated_at`) VALUES (\'12\', \'khaizinam@gmail.com\', \'$2y$10$hvR74QYdPtzDlhKVdAyBU.vY/kxpEhuUmzBpQCK7fMlRz9WuG2/Oi\', \'2025-05-19 14:11:21\', \'2025-05-19 14:11:21\')', 0)
 2 SYSTEMPATH/Database/BaseConnection.php(738): CodeIgniter\Database\MySQLi\Connection->execute('INSERT INTO `users` (`name`, `email`, `password`, `created_at`, `updated_at`) VALUES (\'12\', \'khaizinam@gmail.com\', \'$2y$10$hvR74QYdPtzDlhKVdAyBU.vY/kxpEhuUmzBpQCK7fMlRz9WuG2/Oi\', \'2025-05-19 14:11:21\', \'2025-05-19 14:11:21\')')
 3 SYSTEMPATH/Database/BaseConnection.php(652): CodeIgniter\Database\BaseConnection->simpleQuery('INSERT INTO `users` (`name`, `email`, `password`, `created_at`, `updated_at`) VALUES (\'12\', \'khaizinam@gmail.com\', \'$2y$10$hvR74QYdPtzDlhKVdAyBU.vY/kxpEhuUmzBpQCK7fMlRz9WuG2/Oi\', \'2025-05-19 14:11:21\', \'2025-05-19 14:11:21\')')
 4 SYSTEMPATH/Database/BaseBuilder.php(2345): CodeIgniter\Database\BaseConnection->query('INSERT INTO `users` (`name`, `email`, `password`, `created_at`, `updated_at`) VALUES (:name:, :email:, :password:, :created_at:, :updated_at:)', [...], false)
 5 SYSTEMPATH/Model.php(394): CodeIgniter\Database\BaseBuilder->insert()
 6 SYSTEMPATH/BaseModel.php(843): CodeIgniter\Model->doInsert([...])
 7 SYSTEMPATH/Model.php(800): CodeIgniter\BaseModel->insert([...], false)
 8 SYSTEMPATH/BaseModel.php(754): CodeIgniter\Model->insert([...], false)
 9 APPPATH/Controllers/Auth.php(58): CodeIgniter\BaseModel->save([...])
10 SYSTEMPATH/CodeIgniter.php(933): App\Controllers\Auth->register()
11 SYSTEMPATH/CodeIgniter.php(507): CodeIgniter\CodeIgniter->runController(Object(App\Controllers\Auth))
12 SYSTEMPATH/CodeIgniter.php(354): CodeIgniter\CodeIgniter->handleRequest(null, Object(Config\Cache), false)
13 SYSTEMPATH/Boot.php(334): CodeIgniter\CodeIgniter->run()
14 SYSTEMPATH/Boot.php(67): CodeIgniter\Boot::runCodeIgniter(Object(CodeIgniter\CodeIgniter))
15 FCPATH/index.php(59): CodeIgniter\Boot::bootWeb(Object(Config\Paths))
ERROR - 2025-05-19 14:11:26 --> mysqli_sql_exception: Duplicate entry 'khaizinam@gmail.com' for key 'users.email' in /Users/macintosh/Sites/igniter/system/Database/MySQLi/Connection.php:327
Stack trace:
#0 /Users/macintosh/Sites/igniter/system/Database/MySQLi/Connection.php(327): mysqli->query('INSERT INTO `us...', 0)
#1 /Users/macintosh/Sites/igniter/system/Database/BaseConnection.php(738): CodeIgniter\Database\MySQLi\Connection->execute('INSERT INTO `us...')
#2 /Users/macintosh/Sites/igniter/system/Database/BaseConnection.php(652): CodeIgniter\Database\BaseConnection->simpleQuery('INSERT INTO `us...')
#3 /Users/macintosh/Sites/igniter/system/Database/BaseBuilder.php(2345): CodeIgniter\Database\BaseConnection->query('INSERT INTO `us...', Array, false)
#4 /Users/macintosh/Sites/igniter/system/Model.php(394): CodeIgniter\Database\BaseBuilder->insert()
#5 /Users/macintosh/Sites/igniter/system/BaseModel.php(843): CodeIgniter\Model->doInsert(Array)
#6 /Users/macintosh/Sites/igniter/system/Model.php(800): CodeIgniter\BaseModel->insert(Array, false)
#7 /Users/macintosh/Sites/igniter/system/BaseModel.php(754): CodeIgniter\Model->insert(Array, false)
#8 /Users/macintosh/Sites/igniter/app/Controllers/Auth.php(58): CodeIgniter\BaseModel->save(Array)
#9 /Users/macintosh/Sites/igniter/system/CodeIgniter.php(933): App\Controllers\Auth->register()
#10 /Users/macintosh/Sites/igniter/system/CodeIgniter.php(507): CodeIgniter\CodeIgniter->runController(Object(App\Controllers\Auth))
#11 /Users/macintosh/Sites/igniter/system/CodeIgniter.php(354): CodeIgniter\CodeIgniter->handleRequest(NULL, Object(Config\Cache), false)
#12 /Users/macintosh/Sites/igniter/system/Boot.php(334): CodeIgniter\CodeIgniter->run()
#13 /Users/macintosh/Sites/igniter/system/Boot.php(67): CodeIgniter\Boot::runCodeIgniter(Object(CodeIgniter\CodeIgniter))
#14 /Users/macintosh/Sites/igniter/index.php(59): CodeIgniter\Boot::bootWeb(Object(Config\Paths))
#15 {main}
CRITICAL - 2025-05-19 14:11:26 --> CodeIgniter\Database\Exceptions\DatabaseException: Duplicate entry 'khaizinam@gmail.com' for key 'users.email'
[Method: POST, Route: auth/register]
in SYSTEMPATH/Database/BaseConnection.php on line 692.
 1 SYSTEMPATH/Database/BaseBuilder.php(2345): CodeIgniter\Database\BaseConnection->query('INSERT INTO `users` (`name`, `email`, `password`, `created_at`, `updated_at`) VALUES (:name:, :email:, :password:, :created_at:, :updated_at:)', [...], false)
 2 SYSTEMPATH/Model.php(394): CodeIgniter\Database\BaseBuilder->insert()
 3 SYSTEMPATH/BaseModel.php(843): CodeIgniter\Model->doInsert([...])
 4 SYSTEMPATH/Model.php(800): CodeIgniter\BaseModel->insert([...], false)
 5 SYSTEMPATH/BaseModel.php(754): CodeIgniter\Model->insert([...], false)
 6 APPPATH/Controllers/Auth.php(58): CodeIgniter\BaseModel->save([...])
 7 SYSTEMPATH/CodeIgniter.php(933): App\Controllers\Auth->register()
 8 SYSTEMPATH/CodeIgniter.php(507): CodeIgniter\CodeIgniter->runController(Object(App\Controllers\Auth))
 9 SYSTEMPATH/CodeIgniter.php(354): CodeIgniter\CodeIgniter->handleRequest(null, Object(Config\Cache), false)
10 SYSTEMPATH/Boot.php(334): CodeIgniter\CodeIgniter->run()
11 SYSTEMPATH/Boot.php(67): CodeIgniter\Boot::runCodeIgniter(Object(CodeIgniter\CodeIgniter))
12 FCPATH/index.php(59): CodeIgniter\Boot::bootWeb(Object(Config\Paths))
CRITICAL - 2025-05-19 14:11:26 --> [Caused by] CodeIgniter\Database\Exceptions\DatabaseException: Duplicate entry 'khaizinam@gmail.com' for key 'users.email'
in SYSTEMPATH/Database/MySQLi/Connection.php on line 332.
 1 SYSTEMPATH/Database/BaseConnection.php(738): CodeIgniter\Database\MySQLi\Connection->execute('INSERT INTO `users` (`name`, `email`, `password`, `created_at`, `updated_at`) VALUES (\'12\', \'khaizinam@gmail.com\', \'$2y$10$b70gXtiHL4vL11AI15rrxux3De1ACkz88EOljkMJg6MzTYYY7YXEq\', \'2025-05-19 14:11:26\', \'2025-05-19 14:11:26\')')
 2 SYSTEMPATH/Database/BaseConnection.php(652): CodeIgniter\Database\BaseConnection->simpleQuery('INSERT INTO `users` (`name`, `email`, `password`, `created_at`, `updated_at`) VALUES (\'12\', \'khaizinam@gmail.com\', \'$2y$10$b70gXtiHL4vL11AI15rrxux3De1ACkz88EOljkMJg6MzTYYY7YXEq\', \'2025-05-19 14:11:26\', \'2025-05-19 14:11:26\')')
 3 SYSTEMPATH/Database/BaseBuilder.php(2345): CodeIgniter\Database\BaseConnection->query('INSERT INTO `users` (`name`, `email`, `password`, `created_at`, `updated_at`) VALUES (:name:, :email:, :password:, :created_at:, :updated_at:)', [...], false)
 4 SYSTEMPATH/Model.php(394): CodeIgniter\Database\BaseBuilder->insert()
 5 SYSTEMPATH/BaseModel.php(843): CodeIgniter\Model->doInsert([...])
 6 SYSTEMPATH/Model.php(800): CodeIgniter\BaseModel->insert([...], false)
 7 SYSTEMPATH/BaseModel.php(754): CodeIgniter\Model->insert([...], false)
 8 APPPATH/Controllers/Auth.php(58): CodeIgniter\BaseModel->save([...])
 9 SYSTEMPATH/CodeIgniter.php(933): App\Controllers\Auth->register()
10 SYSTEMPATH/CodeIgniter.php(507): CodeIgniter\CodeIgniter->runController(Object(App\Controllers\Auth))
11 SYSTEMPATH/CodeIgniter.php(354): CodeIgniter\CodeIgniter->handleRequest(null, Object(Config\Cache), false)
12 SYSTEMPATH/Boot.php(334): CodeIgniter\CodeIgniter->run()
13 SYSTEMPATH/Boot.php(67): CodeIgniter\Boot::runCodeIgniter(Object(CodeIgniter\CodeIgniter))
14 FCPATH/index.php(59): CodeIgniter\Boot::bootWeb(Object(Config\Paths))
CRITICAL - 2025-05-19 14:11:26 --> [Caused by] mysqli_sql_exception: Duplicate entry 'khaizinam@gmail.com' for key 'users.email'
in SYSTEMPATH/Database/MySQLi/Connection.php on line 327.
 1 SYSTEMPATH/Database/MySQLi/Connection.php(327): mysqli->query('INSERT INTO `users` (`name`, `email`, `password`, `created_at`, `updated_at`) VALUES (\'12\', \'khaizinam@gmail.com\', \'$2y$10$b70gXtiHL4vL11AI15rrxux3De1ACkz88EOljkMJg6MzTYYY7YXEq\', \'2025-05-19 14:11:26\', \'2025-05-19 14:11:26\')', 0)
 2 SYSTEMPATH/Database/BaseConnection.php(738): CodeIgniter\Database\MySQLi\Connection->execute('INSERT INTO `users` (`name`, `email`, `password`, `created_at`, `updated_at`) VALUES (\'12\', \'khaizinam@gmail.com\', \'$2y$10$b70gXtiHL4vL11AI15rrxux3De1ACkz88EOljkMJg6MzTYYY7YXEq\', \'2025-05-19 14:11:26\', \'2025-05-19 14:11:26\')')
 3 SYSTEMPATH/Database/BaseConnection.php(652): CodeIgniter\Database\BaseConnection->simpleQuery('INSERT INTO `users` (`name`, `email`, `password`, `created_at`, `updated_at`) VALUES (\'12\', \'khaizinam@gmail.com\', \'$2y$10$b70gXtiHL4vL11AI15rrxux3De1ACkz88EOljkMJg6MzTYYY7YXEq\', \'2025-05-19 14:11:26\', \'2025-05-19 14:11:26\')')
 4 SYSTEMPATH/Database/BaseBuilder.php(2345): CodeIgniter\Database\BaseConnection->query('INSERT INTO `users` (`name`, `email`, `password`, `created_at`, `updated_at`) VALUES (:name:, :email:, :password:, :created_at:, :updated_at:)', [...], false)
 5 SYSTEMPATH/Model.php(394): CodeIgniter\Database\BaseBuilder->insert()
 6 SYSTEMPATH/BaseModel.php(843): CodeIgniter\Model->doInsert([...])
 7 SYSTEMPATH/Model.php(800): CodeIgniter\BaseModel->insert([...], false)
 8 SYSTEMPATH/BaseModel.php(754): CodeIgniter\Model->insert([...], false)
 9 APPPATH/Controllers/Auth.php(58): CodeIgniter\BaseModel->save([...])
10 SYSTEMPATH/CodeIgniter.php(933): App\Controllers\Auth->register()
11 SYSTEMPATH/CodeIgniter.php(507): CodeIgniter\CodeIgniter->runController(Object(App\Controllers\Auth))
12 SYSTEMPATH/CodeIgniter.php(354): CodeIgniter\CodeIgniter->handleRequest(null, Object(Config\Cache), false)
13 SYSTEMPATH/Boot.php(334): CodeIgniter\CodeIgniter->run()
14 SYSTEMPATH/Boot.php(67): CodeIgniter\Boot::runCodeIgniter(Object(CodeIgniter\CodeIgniter))
15 FCPATH/index.php(59): CodeIgniter\Boot::bootWeb(Object(Config\Paths))
ERROR - 2025-05-19 14:11:27 --> mysqli_sql_exception: Duplicate entry 'khaizinam@gmail.com' for key 'users.email' in /Users/macintosh/Sites/igniter/system/Database/MySQLi/Connection.php:327
Stack trace:
#0 /Users/macintosh/Sites/igniter/system/Database/MySQLi/Connection.php(327): mysqli->query('INSERT INTO `us...', 0)
#1 /Users/macintosh/Sites/igniter/system/Database/BaseConnection.php(738): CodeIgniter\Database\MySQLi\Connection->execute('INSERT INTO `us...')
#2 /Users/macintosh/Sites/igniter/system/Database/BaseConnection.php(652): CodeIgniter\Database\BaseConnection->simpleQuery('INSERT INTO `us...')
#3 /Users/macintosh/Sites/igniter/system/Database/BaseBuilder.php(2345): CodeIgniter\Database\BaseConnection->query('INSERT INTO `us...', Array, false)
#4 /Users/macintosh/Sites/igniter/system/Model.php(394): CodeIgniter\Database\BaseBuilder->insert()
#5 /Users/macintosh/Sites/igniter/system/BaseModel.php(843): CodeIgniter\Model->doInsert(Array)
#6 /Users/macintosh/Sites/igniter/system/Model.php(800): CodeIgniter\BaseModel->insert(Array, false)
#7 /Users/macintosh/Sites/igniter/system/BaseModel.php(754): CodeIgniter\Model->insert(Array, false)
#8 /Users/macintosh/Sites/igniter/app/Controllers/Auth.php(58): CodeIgniter\BaseModel->save(Array)
#9 /Users/macintosh/Sites/igniter/system/CodeIgniter.php(933): App\Controllers\Auth->register()
#10 /Users/macintosh/Sites/igniter/system/CodeIgniter.php(507): CodeIgniter\CodeIgniter->runController(Object(App\Controllers\Auth))
#11 /Users/macintosh/Sites/igniter/system/CodeIgniter.php(354): CodeIgniter\CodeIgniter->handleRequest(NULL, Object(Config\Cache), false)
#12 /Users/macintosh/Sites/igniter/system/Boot.php(334): CodeIgniter\CodeIgniter->run()
#13 /Users/macintosh/Sites/igniter/system/Boot.php(67): CodeIgniter\Boot::runCodeIgniter(Object(CodeIgniter\CodeIgniter))
#14 /Users/macintosh/Sites/igniter/index.php(59): CodeIgniter\Boot::bootWeb(Object(Config\Paths))
#15 {main}
CRITICAL - 2025-05-19 14:11:27 --> CodeIgniter\Database\Exceptions\DatabaseException: Duplicate entry 'khaizinam@gmail.com' for key 'users.email'
[Method: POST, Route: auth/register]
in SYSTEMPATH/Database/BaseConnection.php on line 692.
 1 SYSTEMPATH/Database/BaseBuilder.php(2345): CodeIgniter\Database\BaseConnection->query('INSERT INTO `users` (`name`, `email`, `password`, `created_at`, `updated_at`) VALUES (:name:, :email:, :password:, :created_at:, :updated_at:)', [...], false)
 2 SYSTEMPATH/Model.php(394): CodeIgniter\Database\BaseBuilder->insert()
 3 SYSTEMPATH/BaseModel.php(843): CodeIgniter\Model->doInsert([...])
 4 SYSTEMPATH/Model.php(800): CodeIgniter\BaseModel->insert([...], false)
 5 SYSTEMPATH/BaseModel.php(754): CodeIgniter\Model->insert([...], false)
 6 APPPATH/Controllers/Auth.php(58): CodeIgniter\BaseModel->save([...])
 7 SYSTEMPATH/CodeIgniter.php(933): App\Controllers\Auth->register()
 8 SYSTEMPATH/CodeIgniter.php(507): CodeIgniter\CodeIgniter->runController(Object(App\Controllers\Auth))
 9 SYSTEMPATH/CodeIgniter.php(354): CodeIgniter\CodeIgniter->handleRequest(null, Object(Config\Cache), false)
10 SYSTEMPATH/Boot.php(334): CodeIgniter\CodeIgniter->run()
11 SYSTEMPATH/Boot.php(67): CodeIgniter\Boot::runCodeIgniter(Object(CodeIgniter\CodeIgniter))
12 FCPATH/index.php(59): CodeIgniter\Boot::bootWeb(Object(Config\Paths))
CRITICAL - 2025-05-19 14:11:27 --> [Caused by] CodeIgniter\Database\Exceptions\DatabaseException: Duplicate entry 'khaizinam@gmail.com' for key 'users.email'
in SYSTEMPATH/Database/MySQLi/Connection.php on line 332.
 1 SYSTEMPATH/Database/BaseConnection.php(738): CodeIgniter\Database\MySQLi\Connection->execute('INSERT INTO `users` (`name`, `email`, `password`, `created_at`, `updated_at`) VALUES (\'12\', \'khaizinam@gmail.com\', \'$2y$10$jvFbJZYoU4mSbV0fVdtPru.3wOvMFOA4dZVdZPVsBYTWffcsomkCi\', \'2025-05-19 14:11:27\', \'2025-05-19 14:11:27\')')
 2 SYSTEMPATH/Database/BaseConnection.php(652): CodeIgniter\Database\BaseConnection->simpleQuery('INSERT INTO `users` (`name`, `email`, `password`, `created_at`, `updated_at`) VALUES (\'12\', \'khaizinam@gmail.com\', \'$2y$10$jvFbJZYoU4mSbV0fVdtPru.3wOvMFOA4dZVdZPVsBYTWffcsomkCi\', \'2025-05-19 14:11:27\', \'2025-05-19 14:11:27\')')
 3 SYSTEMPATH/Database/BaseBuilder.php(2345): CodeIgniter\Database\BaseConnection->query('INSERT INTO `users` (`name`, `email`, `password`, `created_at`, `updated_at`) VALUES (:name:, :email:, :password:, :created_at:, :updated_at:)', [...], false)
 4 SYSTEMPATH/Model.php(394): CodeIgniter\Database\BaseBuilder->insert()
 5 SYSTEMPATH/BaseModel.php(843): CodeIgniter\Model->doInsert([...])
 6 SYSTEMPATH/Model.php(800): CodeIgniter\BaseModel->insert([...], false)
 7 SYSTEMPATH/BaseModel.php(754): CodeIgniter\Model->insert([...], false)
 8 APPPATH/Controllers/Auth.php(58): CodeIgniter\BaseModel->save([...])
 9 SYSTEMPATH/CodeIgniter.php(933): App\Controllers\Auth->register()
10 SYSTEMPATH/CodeIgniter.php(507): CodeIgniter\CodeIgniter->runController(Object(App\Controllers\Auth))
11 SYSTEMPATH/CodeIgniter.php(354): CodeIgniter\CodeIgniter->handleRequest(null, Object(Config\Cache), false)
12 SYSTEMPATH/Boot.php(334): CodeIgniter\CodeIgniter->run()
13 SYSTEMPATH/Boot.php(67): CodeIgniter\Boot::runCodeIgniter(Object(CodeIgniter\CodeIgniter))
14 FCPATH/index.php(59): CodeIgniter\Boot::bootWeb(Object(Config\Paths))
CRITICAL - 2025-05-19 14:11:27 --> [Caused by] mysqli_sql_exception: Duplicate entry 'khaizinam@gmail.com' for key 'users.email'
in SYSTEMPATH/Database/MySQLi/Connection.php on line 327.
 1 SYSTEMPATH/Database/MySQLi/Connection.php(327): mysqli->query('INSERT INTO `users` (`name`, `email`, `password`, `created_at`, `updated_at`) VALUES (\'12\', \'khaizinam@gmail.com\', \'$2y$10$jvFbJZYoU4mSbV0fVdtPru.3wOvMFOA4dZVdZPVsBYTWffcsomkCi\', \'2025-05-19 14:11:27\', \'2025-05-19 14:11:27\')', 0)
 2 SYSTEMPATH/Database/BaseConnection.php(738): CodeIgniter\Database\MySQLi\Connection->execute('INSERT INTO `users` (`name`, `email`, `password`, `created_at`, `updated_at`) VALUES (\'12\', \'khaizinam@gmail.com\', \'$2y$10$jvFbJZYoU4mSbV0fVdtPru.3wOvMFOA4dZVdZPVsBYTWffcsomkCi\', \'2025-05-19 14:11:27\', \'2025-05-19 14:11:27\')')
 3 SYSTEMPATH/Database/BaseConnection.php(652): CodeIgniter\Database\BaseConnection->simpleQuery('INSERT INTO `users` (`name`, `email`, `password`, `created_at`, `updated_at`) VALUES (\'12\', \'khaizinam@gmail.com\', \'$2y$10$jvFbJZYoU4mSbV0fVdtPru.3wOvMFOA4dZVdZPVsBYTWffcsomkCi\', \'2025-05-19 14:11:27\', \'2025-05-19 14:11:27\')')
 4 SYSTEMPATH/Database/BaseBuilder.php(2345): CodeIgniter\Database\BaseConnection->query('INSERT INTO `users` (`name`, `email`, `password`, `created_at`, `updated_at`) VALUES (:name:, :email:, :password:, :created_at:, :updated_at:)', [...], false)
 5 SYSTEMPATH/Model.php(394): CodeIgniter\Database\BaseBuilder->insert()
 6 SYSTEMPATH/BaseModel.php(843): CodeIgniter\Model->doInsert([...])
 7 SYSTEMPATH/Model.php(800): CodeIgniter\BaseModel->insert([...], false)
 8 SYSTEMPATH/BaseModel.php(754): CodeIgniter\Model->insert([...], false)
 9 APPPATH/Controllers/Auth.php(58): CodeIgniter\BaseModel->save([...])
10 SYSTEMPATH/CodeIgniter.php(933): App\Controllers\Auth->register()
11 SYSTEMPATH/CodeIgniter.php(507): CodeIgniter\CodeIgniter->runController(Object(App\Controllers\Auth))
12 SYSTEMPATH/CodeIgniter.php(354): CodeIgniter\CodeIgniter->handleRequest(null, Object(Config\Cache), false)
13 SYSTEMPATH/Boot.php(334): CodeIgniter\CodeIgniter->run()
14 SYSTEMPATH/Boot.php(67): CodeIgniter\Boot::runCodeIgniter(Object(CodeIgniter\CodeIgniter))
15 FCPATH/index.php(59): CodeIgniter\Boot::bootWeb(Object(Config\Paths))
ERROR - 2025-05-19 14:11:36 --> mysqli_sql_exception: Duplicate entry 'khaizinam@gmail.com' for key 'users.email' in /Users/macintosh/Sites/igniter/system/Database/MySQLi/Connection.php:327
Stack trace:
#0 /Users/macintosh/Sites/igniter/system/Database/MySQLi/Connection.php(327): mysqli->query('INSERT INTO `us...', 0)
#1 /Users/macintosh/Sites/igniter/system/Database/BaseConnection.php(738): CodeIgniter\Database\MySQLi\Connection->execute('INSERT INTO `us...')
#2 /Users/macintosh/Sites/igniter/system/Database/BaseConnection.php(652): CodeIgniter\Database\BaseConnection->simpleQuery('INSERT INTO `us...')
#3 /Users/macintosh/Sites/igniter/system/Database/BaseBuilder.php(2345): CodeIgniter\Database\BaseConnection->query('INSERT INTO `us...', Array, false)
#4 /Users/macintosh/Sites/igniter/system/Model.php(394): CodeIgniter\Database\BaseBuilder->insert()
#5 /Users/macintosh/Sites/igniter/system/BaseModel.php(843): CodeIgniter\Model->doInsert(Array)
#6 /Users/macintosh/Sites/igniter/system/Model.php(800): CodeIgniter\BaseModel->insert(Array, false)
#7 /Users/macintosh/Sites/igniter/system/BaseModel.php(754): CodeIgniter\Model->insert(Array, false)
#8 /Users/macintosh/Sites/igniter/app/Controllers/Auth.php(59): CodeIgniter\BaseModel->save(Array)
#9 /Users/macintosh/Sites/igniter/system/CodeIgniter.php(933): App\Controllers\Auth->register()
#10 /Users/macintosh/Sites/igniter/system/CodeIgniter.php(507): CodeIgniter\CodeIgniter->runController(Object(App\Controllers\Auth))
#11 /Users/macintosh/Sites/igniter/system/CodeIgniter.php(354): CodeIgniter\CodeIgniter->handleRequest(NULL, Object(Config\Cache), false)
#12 /Users/macintosh/Sites/igniter/system/Boot.php(334): CodeIgniter\CodeIgniter->run()
#13 /Users/macintosh/Sites/igniter/system/Boot.php(67): CodeIgniter\Boot::runCodeIgniter(Object(CodeIgniter\CodeIgniter))
#14 /Users/macintosh/Sites/igniter/index.php(59): CodeIgniter\Boot::bootWeb(Object(Config\Paths))
#15 {main}
CRITICAL - 2025-05-19 14:11:36 --> CodeIgniter\Database\Exceptions\DatabaseException: Duplicate entry 'khaizinam@gmail.com' for key 'users.email'
[Method: POST, Route: auth/register]
in SYSTEMPATH/Database/BaseConnection.php on line 692.
 1 SYSTEMPATH/Database/BaseBuilder.php(2345): CodeIgniter\Database\BaseConnection->query('INSERT INTO `users` (`name`, `email`, `password`, `created_at`, `updated_at`) VALUES (:name:, :email:, :password:, :created_at:, :updated_at:)', [...], false)
 2 SYSTEMPATH/Model.php(394): CodeIgniter\Database\BaseBuilder->insert()
 3 SYSTEMPATH/BaseModel.php(843): CodeIgniter\Model->doInsert([...])
 4 SYSTEMPATH/Model.php(800): CodeIgniter\BaseModel->insert([...], false)
 5 SYSTEMPATH/BaseModel.php(754): CodeIgniter\Model->insert([...], false)
 6 APPPATH/Controllers/Auth.php(59): CodeIgniter\BaseModel->save([...])
 7 SYSTEMPATH/CodeIgniter.php(933): App\Controllers\Auth->register()
 8 SYSTEMPATH/CodeIgniter.php(507): CodeIgniter\CodeIgniter->runController(Object(App\Controllers\Auth))
 9 SYSTEMPATH/CodeIgniter.php(354): CodeIgniter\CodeIgniter->handleRequest(null, Object(Config\Cache), false)
10 SYSTEMPATH/Boot.php(334): CodeIgniter\CodeIgniter->run()
11 SYSTEMPATH/Boot.php(67): CodeIgniter\Boot::runCodeIgniter(Object(CodeIgniter\CodeIgniter))
12 FCPATH/index.php(59): CodeIgniter\Boot::bootWeb(Object(Config\Paths))
CRITICAL - 2025-05-19 14:11:36 --> [Caused by] CodeIgniter\Database\Exceptions\DatabaseException: Duplicate entry 'khaizinam@gmail.com' for key 'users.email'
in SYSTEMPATH/Database/MySQLi/Connection.php on line 332.
 1 SYSTEMPATH/Database/BaseConnection.php(738): CodeIgniter\Database\MySQLi\Connection->execute('INSERT INTO `users` (`name`, `email`, `password`, `created_at`, `updated_at`) VALUES (\'12\', \'khaizinam@gmail.com\', \'$2y$10$DcwVZlF8YQ/rCGAskeKeo.JiNnYehQzRbemBSbrwgvwfzX.clvv36\', \'2025-05-19 14:11:36\', \'2025-05-19 14:11:36\')')
 2 SYSTEMPATH/Database/BaseConnection.php(652): CodeIgniter\Database\BaseConnection->simpleQuery('INSERT INTO `users` (`name`, `email`, `password`, `created_at`, `updated_at`) VALUES (\'12\', \'khaizinam@gmail.com\', \'$2y$10$DcwVZlF8YQ/rCGAskeKeo.JiNnYehQzRbemBSbrwgvwfzX.clvv36\', \'2025-05-19 14:11:36\', \'2025-05-19 14:11:36\')')
 3 SYSTEMPATH/Database/BaseBuilder.php(2345): CodeIgniter\Database\BaseConnection->query('INSERT INTO `users` (`name`, `email`, `password`, `created_at`, `updated_at`) VALUES (:name:, :email:, :password:, :created_at:, :updated_at:)', [...], false)
 4 SYSTEMPATH/Model.php(394): CodeIgniter\Database\BaseBuilder->insert()
 5 SYSTEMPATH/BaseModel.php(843): CodeIgniter\Model->doInsert([...])
 6 SYSTEMPATH/Model.php(800): CodeIgniter\BaseModel->insert([...], false)
 7 SYSTEMPATH/BaseModel.php(754): CodeIgniter\Model->insert([...], false)
 8 APPPATH/Controllers/Auth.php(59): CodeIgniter\BaseModel->save([...])
 9 SYSTEMPATH/CodeIgniter.php(933): App\Controllers\Auth->register()
10 SYSTEMPATH/CodeIgniter.php(507): CodeIgniter\CodeIgniter->runController(Object(App\Controllers\Auth))
11 SYSTEMPATH/CodeIgniter.php(354): CodeIgniter\CodeIgniter->handleRequest(null, Object(Config\Cache), false)
12 SYSTEMPATH/Boot.php(334): CodeIgniter\CodeIgniter->run()
13 SYSTEMPATH/Boot.php(67): CodeIgniter\Boot::runCodeIgniter(Object(CodeIgniter\CodeIgniter))
14 FCPATH/index.php(59): CodeIgniter\Boot::bootWeb(Object(Config\Paths))
CRITICAL - 2025-05-19 14:11:36 --> [Caused by] mysqli_sql_exception: Duplicate entry 'khaizinam@gmail.com' for key 'users.email'
in SYSTEMPATH/Database/MySQLi/Connection.php on line 327.
 1 SYSTEMPATH/Database/MySQLi/Connection.php(327): mysqli->query('INSERT INTO `users` (`name`, `email`, `password`, `created_at`, `updated_at`) VALUES (\'12\', \'khaizinam@gmail.com\', \'$2y$10$DcwVZlF8YQ/rCGAskeKeo.JiNnYehQzRbemBSbrwgvwfzX.clvv36\', \'2025-05-19 14:11:36\', \'2025-05-19 14:11:36\')', 0)
 2 SYSTEMPATH/Database/BaseConnection.php(738): CodeIgniter\Database\MySQLi\Connection->execute('INSERT INTO `users` (`name`, `email`, `password`, `created_at`, `updated_at`) VALUES (\'12\', \'khaizinam@gmail.com\', \'$2y$10$DcwVZlF8YQ/rCGAskeKeo.JiNnYehQzRbemBSbrwgvwfzX.clvv36\', \'2025-05-19 14:11:36\', \'2025-05-19 14:11:36\')')
 3 SYSTEMPATH/Database/BaseConnection.php(652): CodeIgniter\Database\BaseConnection->simpleQuery('INSERT INTO `users` (`name`, `email`, `password`, `created_at`, `updated_at`) VALUES (\'12\', \'khaizinam@gmail.com\', \'$2y$10$DcwVZlF8YQ/rCGAskeKeo.JiNnYehQzRbemBSbrwgvwfzX.clvv36\', \'2025-05-19 14:11:36\', \'2025-05-19 14:11:36\')')
 4 SYSTEMPATH/Database/BaseBuilder.php(2345): CodeIgniter\Database\BaseConnection->query('INSERT INTO `users` (`name`, `email`, `password`, `created_at`, `updated_at`) VALUES (:name:, :email:, :password:, :created_at:, :updated_at:)', [...], false)
 5 SYSTEMPATH/Model.php(394): CodeIgniter\Database\BaseBuilder->insert()
 6 SYSTEMPATH/BaseModel.php(843): CodeIgniter\Model->doInsert([...])
 7 SYSTEMPATH/Model.php(800): CodeIgniter\BaseModel->insert([...], false)
 8 SYSTEMPATH/BaseModel.php(754): CodeIgniter\Model->insert([...], false)
 9 APPPATH/Controllers/Auth.php(59): CodeIgniter\BaseModel->save([...])
10 SYSTEMPATH/CodeIgniter.php(933): App\Controllers\Auth->register()
11 SYSTEMPATH/CodeIgniter.php(507): CodeIgniter\CodeIgniter->runController(Object(App\Controllers\Auth))
12 SYSTEMPATH/CodeIgniter.php(354): CodeIgniter\CodeIgniter->handleRequest(null, Object(Config\Cache), false)
13 SYSTEMPATH/Boot.php(334): CodeIgniter\CodeIgniter->run()
14 SYSTEMPATH/Boot.php(67): CodeIgniter\Boot::runCodeIgniter(Object(CodeIgniter\CodeIgniter))
15 FCPATH/index.php(59): CodeIgniter\Boot::bootWeb(Object(Config\Paths))
ERROR - 2025-05-19 14:44:04 --> mysqli_sql_exception: Duplicate entry 'khaizinam@gmail.com' for key 'users.email' in /Users/macintosh/Sites/igniter/system/Database/MySQLi/Connection.php:327
Stack trace:
#0 /Users/macintosh/Sites/igniter/system/Database/MySQLi/Connection.php(327): mysqli->query('INSERT INTO `us...', 0)
#1 /Users/macintosh/Sites/igniter/system/Database/BaseConnection.php(738): CodeIgniter\Database\MySQLi\Connection->execute('INSERT INTO `us...')
#2 /Users/macintosh/Sites/igniter/system/Database/BaseConnection.php(652): CodeIgniter\Database\BaseConnection->simpleQuery('INSERT INTO `us...')
#3 /Users/macintosh/Sites/igniter/system/Database/BaseBuilder.php(2345): CodeIgniter\Database\BaseConnection->query('INSERT INTO `us...', Array, false)
#4 /Users/macintosh/Sites/igniter/system/Model.php(394): CodeIgniter\Database\BaseBuilder->insert()
#5 /Users/macintosh/Sites/igniter/system/BaseModel.php(843): CodeIgniter\Model->doInsert(Array)
#6 /Users/macintosh/Sites/igniter/system/Model.php(800): CodeIgniter\BaseModel->insert(Array, false)
#7 /Users/macintosh/Sites/igniter/system/BaseModel.php(754): CodeIgniter\Model->insert(Array, false)
#8 /Users/macintosh/Sites/igniter/app/Controllers/Auth.php(59): CodeIgniter\BaseModel->save(Array)
#9 /Users/macintosh/Sites/igniter/system/CodeIgniter.php(933): App\Controllers\Auth->register()
#10 /Users/macintosh/Sites/igniter/system/CodeIgniter.php(507): CodeIgniter\CodeIgniter->runController(Object(App\Controllers\Auth))
#11 /Users/macintosh/Sites/igniter/system/CodeIgniter.php(354): CodeIgniter\CodeIgniter->handleRequest(NULL, Object(Config\Cache), false)
#12 /Users/macintosh/Sites/igniter/system/Boot.php(334): CodeIgniter\CodeIgniter->run()
#13 /Users/macintosh/Sites/igniter/system/Boot.php(67): CodeIgniter\Boot::runCodeIgniter(Object(CodeIgniter\CodeIgniter))
#14 /Users/macintosh/Sites/igniter/index.php(59): CodeIgniter\Boot::bootWeb(Object(Config\Paths))
#15 {main}
CRITICAL - 2025-05-19 14:44:04 --> CodeIgniter\Database\Exceptions\DatabaseException: Duplicate entry 'khaizinam@gmail.com' for key 'users.email'
[Method: POST, Route: auth/register]
in SYSTEMPATH/Database/BaseConnection.php on line 692.
 1 SYSTEMPATH/Database/BaseBuilder.php(2345): CodeIgniter\Database\BaseConnection->query('INSERT INTO `users` (`name`, `email`, `password`, `created_at`, `updated_at`) VALUES (:name:, :email:, :password:, :created_at:, :updated_at:)', [...], false)
 2 SYSTEMPATH/Model.php(394): CodeIgniter\Database\BaseBuilder->insert()
 3 SYSTEMPATH/BaseModel.php(843): CodeIgniter\Model->doInsert([...])
 4 SYSTEMPATH/Model.php(800): CodeIgniter\BaseModel->insert([...], false)
 5 SYSTEMPATH/BaseModel.php(754): CodeIgniter\Model->insert([...], false)
 6 APPPATH/Controllers/Auth.php(59): CodeIgniter\BaseModel->save([...])
 7 SYSTEMPATH/CodeIgniter.php(933): App\Controllers\Auth->register()
 8 SYSTEMPATH/CodeIgniter.php(507): CodeIgniter\CodeIgniter->runController(Object(App\Controllers\Auth))
 9 SYSTEMPATH/CodeIgniter.php(354): CodeIgniter\CodeIgniter->handleRequest(null, Object(Config\Cache), false)
10 SYSTEMPATH/Boot.php(334): CodeIgniter\CodeIgniter->run()
11 SYSTEMPATH/Boot.php(67): CodeIgniter\Boot::runCodeIgniter(Object(CodeIgniter\CodeIgniter))
12 FCPATH/index.php(59): CodeIgniter\Boot::bootWeb(Object(Config\Paths))
CRITICAL - 2025-05-19 14:44:04 --> [Caused by] CodeIgniter\Database\Exceptions\DatabaseException: Duplicate entry 'khaizinam@gmail.com' for key 'users.email'
in SYSTEMPATH/Database/MySQLi/Connection.php on line 332.
 1 SYSTEMPATH/Database/BaseConnection.php(738): CodeIgniter\Database\MySQLi\Connection->execute('INSERT INTO `users` (`name`, `email`, `password`, `created_at`, `updated_at`) VALUES (\'12\', \'khaizinam@gmail.com\', \'$2y$10$5cBiM2pqG101pKhCGmNvveUDP9VZhEw8lMdPIoVtDiPckUL0eMfjK\', \'2025-05-19 14:44:04\', \'2025-05-19 14:44:04\')')
 2 SYSTEMPATH/Database/BaseConnection.php(652): CodeIgniter\Database\BaseConnection->simpleQuery('INSERT INTO `users` (`name`, `email`, `password`, `created_at`, `updated_at`) VALUES (\'12\', \'khaizinam@gmail.com\', \'$2y$10$5cBiM2pqG101pKhCGmNvveUDP9VZhEw8lMdPIoVtDiPckUL0eMfjK\', \'2025-05-19 14:44:04\', \'2025-05-19 14:44:04\')')
 3 SYSTEMPATH/Database/BaseBuilder.php(2345): CodeIgniter\Database\BaseConnection->query('INSERT INTO `users` (`name`, `email`, `password`, `created_at`, `updated_at`) VALUES (:name:, :email:, :password:, :created_at:, :updated_at:)', [...], false)
 4 SYSTEMPATH/Model.php(394): CodeIgniter\Database\BaseBuilder->insert()
 5 SYSTEMPATH/BaseModel.php(843): CodeIgniter\Model->doInsert([...])
 6 SYSTEMPATH/Model.php(800): CodeIgniter\BaseModel->insert([...], false)
 7 SYSTEMPATH/BaseModel.php(754): CodeIgniter\Model->insert([...], false)
 8 APPPATH/Controllers/Auth.php(59): CodeIgniter\BaseModel->save([...])
 9 SYSTEMPATH/CodeIgniter.php(933): App\Controllers\Auth->register()
10 SYSTEMPATH/CodeIgniter.php(507): CodeIgniter\CodeIgniter->runController(Object(App\Controllers\Auth))
11 SYSTEMPATH/CodeIgniter.php(354): CodeIgniter\CodeIgniter->handleRequest(null, Object(Config\Cache), false)
12 SYSTEMPATH/Boot.php(334): CodeIgniter\CodeIgniter->run()
13 SYSTEMPATH/Boot.php(67): CodeIgniter\Boot::runCodeIgniter(Object(CodeIgniter\CodeIgniter))
14 FCPATH/index.php(59): CodeIgniter\Boot::bootWeb(Object(Config\Paths))
CRITICAL - 2025-05-19 14:44:04 --> [Caused by] mysqli_sql_exception: Duplicate entry 'khaizinam@gmail.com' for key 'users.email'
in SYSTEMPATH/Database/MySQLi/Connection.php on line 327.
 1 SYSTEMPATH/Database/MySQLi/Connection.php(327): mysqli->query('INSERT INTO `users` (`name`, `email`, `password`, `created_at`, `updated_at`) VALUES (\'12\', \'khaizinam@gmail.com\', \'$2y$10$5cBiM2pqG101pKhCGmNvveUDP9VZhEw8lMdPIoVtDiPckUL0eMfjK\', \'2025-05-19 14:44:04\', \'2025-05-19 14:44:04\')', 0)
 2 SYSTEMPATH/Database/BaseConnection.php(738): CodeIgniter\Database\MySQLi\Connection->execute('INSERT INTO `users` (`name`, `email`, `password`, `created_at`, `updated_at`) VALUES (\'12\', \'khaizinam@gmail.com\', \'$2y$10$5cBiM2pqG101pKhCGmNvveUDP9VZhEw8lMdPIoVtDiPckUL0eMfjK\', \'2025-05-19 14:44:04\', \'2025-05-19 14:44:04\')')
 3 SYSTEMPATH/Database/BaseConnection.php(652): CodeIgniter\Database\BaseConnection->simpleQuery('INSERT INTO `users` (`name`, `email`, `password`, `created_at`, `updated_at`) VALUES (\'12\', \'khaizinam@gmail.com\', \'$2y$10$5cBiM2pqG101pKhCGmNvveUDP9VZhEw8lMdPIoVtDiPckUL0eMfjK\', \'2025-05-19 14:44:04\', \'2025-05-19 14:44:04\')')
 4 SYSTEMPATH/Database/BaseBuilder.php(2345): CodeIgniter\Database\BaseConnection->query('INSERT INTO `users` (`name`, `email`, `password`, `created_at`, `updated_at`) VALUES (:name:, :email:, :password:, :created_at:, :updated_at:)', [...], false)
 5 SYSTEMPATH/Model.php(394): CodeIgniter\Database\BaseBuilder->insert()
 6 SYSTEMPATH/BaseModel.php(843): CodeIgniter\Model->doInsert([...])
 7 SYSTEMPATH/Model.php(800): CodeIgniter\BaseModel->insert([...], false)
 8 SYSTEMPATH/BaseModel.php(754): CodeIgniter\Model->insert([...], false)
 9 APPPATH/Controllers/Auth.php(59): CodeIgniter\BaseModel->save([...])
10 SYSTEMPATH/CodeIgniter.php(933): App\Controllers\Auth->register()
11 SYSTEMPATH/CodeIgniter.php(507): CodeIgniter\CodeIgniter->runController(Object(App\Controllers\Auth))
12 SYSTEMPATH/CodeIgniter.php(354): CodeIgniter\CodeIgniter->handleRequest(null, Object(Config\Cache), false)
13 SYSTEMPATH/Boot.php(334): CodeIgniter\CodeIgniter->run()
14 SYSTEMPATH/Boot.php(67): CodeIgniter\Boot::runCodeIgniter(Object(CodeIgniter\CodeIgniter))
15 FCPATH/index.php(59): CodeIgniter\Boot::bootWeb(Object(Config\Paths))
ERROR - 2025-05-19 14:53:02 --> mysqli_sql_exception: Duplicate entry 'khaizinam12@gmail.com' for key 'users.email' in /Users/macintosh/Sites/igniter/system/Database/MySQLi/Connection.php:327
Stack trace:
#0 /Users/macintosh/Sites/igniter/system/Database/MySQLi/Connection.php(327): mysqli->query('INSERT INTO `us...', 0)
#1 /Users/macintosh/Sites/igniter/system/Database/BaseConnection.php(738): CodeIgniter\Database\MySQLi\Connection->execute('INSERT INTO `us...')
#2 /Users/macintosh/Sites/igniter/system/Database/BaseConnection.php(652): CodeIgniter\Database\BaseConnection->simpleQuery('INSERT INTO `us...')
#3 /Users/macintosh/Sites/igniter/system/Database/BaseBuilder.php(2345): CodeIgniter\Database\BaseConnection->query('INSERT INTO `us...', Array, false)
#4 /Users/macintosh/Sites/igniter/system/Model.php(394): CodeIgniter\Database\BaseBuilder->insert()
#5 /Users/macintosh/Sites/igniter/system/BaseModel.php(843): CodeIgniter\Model->doInsert(Array)
#6 /Users/macintosh/Sites/igniter/system/Model.php(800): CodeIgniter\BaseModel->insert(Array, false)
#7 /Users/macintosh/Sites/igniter/system/BaseModel.php(754): CodeIgniter\Model->insert(Array, false)
#8 /Users/macintosh/Sites/igniter/app/Controllers/Auth.php(60): CodeIgniter\BaseModel->save(Array)
#9 /Users/macintosh/Sites/igniter/system/CodeIgniter.php(933): App\Controllers\Auth->register()
#10 /Users/macintosh/Sites/igniter/system/CodeIgniter.php(507): CodeIgniter\CodeIgniter->runController(Object(App\Controllers\Auth))
#11 /Users/macintosh/Sites/igniter/system/CodeIgniter.php(354): CodeIgniter\CodeIgniter->handleRequest(NULL, Object(Config\Cache), false)
#12 /Users/macintosh/Sites/igniter/system/Boot.php(334): CodeIgniter\CodeIgniter->run()
#13 /Users/macintosh/Sites/igniter/system/Boot.php(67): CodeIgniter\Boot::runCodeIgniter(Object(CodeIgniter\CodeIgniter))
#14 /Users/macintosh/Sites/igniter/index.php(59): CodeIgniter\Boot::bootWeb(Object(Config\Paths))
#15 {main}
ERROR - 2025-05-19 15:01:57 --> mysqli_sql_exception: Duplicate entry 'khaizinam12@gmail.com' for key 'users.email' in /Users/macintosh/Sites/igniter/system/Database/MySQLi/Connection.php:327
Stack trace:
#0 /Users/macintosh/Sites/igniter/system/Database/MySQLi/Connection.php(327): mysqli->query('INSERT INTO `us...', 0)
#1 /Users/macintosh/Sites/igniter/system/Database/BaseConnection.php(738): CodeIgniter\Database\MySQLi\Connection->execute('INSERT INTO `us...')
#2 /Users/macintosh/Sites/igniter/system/Database/BaseConnection.php(652): CodeIgniter\Database\BaseConnection->simpleQuery('INSERT INTO `us...')
#3 /Users/macintosh/Sites/igniter/system/Database/BaseBuilder.php(2345): CodeIgniter\Database\BaseConnection->query('INSERT INTO `us...', Array, false)
#4 /Users/macintosh/Sites/igniter/system/Model.php(394): CodeIgniter\Database\BaseBuilder->insert()
#5 /Users/macintosh/Sites/igniter/system/BaseModel.php(843): CodeIgniter\Model->doInsert(Array)
#6 /Users/macintosh/Sites/igniter/system/Model.php(800): CodeIgniter\BaseModel->insert(Array, false)
#7 /Users/macintosh/Sites/igniter/system/BaseModel.php(754): CodeIgniter\Model->insert(Array, false)
#8 /Users/macintosh/Sites/igniter/app/Controllers/Auth.php(59): CodeIgniter\BaseModel->save(Array)
#9 /Users/macintosh/Sites/igniter/system/CodeIgniter.php(933): App\Controllers\Auth->register()
#10 /Users/macintosh/Sites/igniter/system/CodeIgniter.php(507): CodeIgniter\CodeIgniter->runController(Object(App\Controllers\Auth))
#11 /Users/macintosh/Sites/igniter/system/CodeIgniter.php(354): CodeIgniter\CodeIgniter->handleRequest(NULL, Object(Config\Cache), false)
#12 /Users/macintosh/Sites/igniter/system/Boot.php(334): CodeIgniter\CodeIgniter->run()
#13 /Users/macintosh/Sites/igniter/system/Boot.php(67): CodeIgniter\Boot::runCodeIgniter(Object(CodeIgniter\CodeIgniter))
#14 /Users/macintosh/Sites/igniter/index.php(59): CodeIgniter\Boot::bootWeb(Object(Config\Paths))
#15 {main}
